<?xml version="1.0" encoding="UTF-8"?>
<!-- Generated by org.testng.reporters.JUnitReportReporter -->
<testsuite hostname="DESKTOP-VDML5CQ" name="scripts.S29_TestNGDemo" tests="4" failures="0" timestamp="3 Feb 2020 08:12:35 GMT" time="0.037" errors="0">
  <testcase name="test2" time="0.003" classname="scripts.S29_TestNGDemo"/>
  <testcase name="test1" time="0.022" classname="scripts.S29_TestNGDemo"/>
  <testcase name="test2" time="0.010" classname="scripts.S29_TestNGDemo"/>
  <testcase name="test2" time="0.002" classname="scripts.S29_TestNGDemo"/>
</testsuite> <!-- scripts.S29_TestNGDemo -->
