<?xml version="1.0" encoding="UTF-8"?>
<!-- Generated by org.testng.reporters.JUnitReportReporter -->
<testsuite hostname="DESKTOP-VDML5CQ" name="scripts.S31_TestNGDemo2" tests="4" failures="0" timestamp="3 Feb 2020 11:22:33 GMT" time="0.020" errors="0">
  <testcase name="display" time="0.010" classname="scripts.S31_TestNGDemo2"/>
  <testcase name="createUser" time="0.003" classname="scripts.S31_TestNGDemo2"/>
  <testcase name="createUser" time="0.004" classname="scripts.S31_TestNGDemo2"/>
  <testcase name="deleteUser" time="0.003" classname="scripts.S31_TestNGDemo2"/>
</testsuite> <!-- scripts.S31_TestNGDemo2 -->
