<?xml version="1.0" encoding="UTF-8"?>
<!-- Generated by org.testng.reporters.JUnitReportReporter -->
<testsuite hostname="DESKTOP-VDML5CQ" name="scripts.S30_TestNGDataProvider" tests="3" failures="0" timestamp="3 Feb 2020 08:34:52 GMT" time="0.018" errors="0">
  <testcase name="userdetails" time="0.012" classname="scripts.S30_TestNGDataProvider"/>
  <testcase name="userdetails" time="0.005" classname="scripts.S30_TestNGDataProvider"/>
  <testcase name="userdetails" time="0.001" classname="scripts.S30_TestNGDataProvider"/>
</testsuite> <!-- scripts.S30_TestNGDataProvider -->
