<?xml version="1.0" encoding="UTF-8"?>
<!-- Generated by org.testng.reporters.JUnitReportReporter -->
<testsuite hostname="DESKTOP-VDML5CQ" name="scripts.S35_Test2" tests="1" failures="0" timestamp="3 Feb 2020 11:38:29 GMT" time="0.013" errors="0">
  <testcase name="test2" time="0.013" classname="scripts.S35_Test2"/>
</testsuite> <!-- scripts.S35_Test2 -->
