<?xml version="1.0" encoding="UTF-8"?>
<!-- Generated by org.testng.reporters.JUnitReportReporter -->
<testsuite hostname="DESKTOP-VDML5CQ" name="scripts.S36_TestNGGroups" tests="3" failures="0" timestamp="3 Feb 2020 12:04:41 GMT" time="0.019" errors="0">
  <testcase name="deleteproject" time="0.002" classname="scripts.S36_TestNGGroups"/>
  <testcase name="createcustomer" time="0.007" classname="scripts.S36_TestNGGroups"/>
  <testcase name="createproject" time="0.010" classname="scripts.S36_TestNGGroups"/>
</testsuite> <!-- scripts.S36_TestNGGroups -->
