<?xml version="1.0" encoding="UTF-8"?>
<!-- Generated by org.testng.reporters.JUnitReportReporter -->
<testsuite hostname="DESKTOP-VDML5CQ" name="scripts.S39_Test_DependsOn_OtherTest" tests="2" failures="0" timestamp="3 Feb 2020 12:40:22 GMT" time="0.019" errors="0">
  <testcase name="deleteuser" time="0.003" classname="scripts.S39_Test_DependsOn_OtherTest"/>
  <testcase name="createuser" time="0.016" classname="scripts.S39_Test_DependsOn_OtherTest"/>
</testsuite> <!-- scripts.S39_Test_DependsOn_OtherTest -->
